PCAD Importer Log
Project : 0039281083.LibPkg

Section : C:\Users\benhe\Documents\Thunderbots\Electrical\Electrical\libraries\Imported Library Files\0039281083\0039281083.lia
    Section : PCB Library - 0039281083.PcbLib
        Section : Load Messages
            Warning - 1 : Skipping Token 0039281083 On Line 158
            Warning - 1 : Skipping Token attachedSymbol On Line 265
        EndSection

        Section : Import Messages
        EndSection
    EndSection

    Section : SCH Library - 0039281083.SchLib
        Section : Parsing Messages
            Warning - 1 : Skipping Token padStyleDef On Line 9
            Warning - 1 : Skipping Token padStyleDef On Line 21
            Warning - 1 : Skipping Token multiLayer On Line 96
            Warning - 1 : Skipping Token layerContents On Line 106
            Warning - 1 : Skipping Token layerContents On Line 120
            Warning - 1 : Skipping Token layerContents On Line 134
            Warning - 1 : Skipping Token layerContents On Line 146
        EndSection

        Section : Generating SCH Library - 0039281083.SchLib
        EndSection
    EndSection
EndSection
