ref	value
MISC1	AE16G-5-ND
MISC2	568-3248-1-ND
MISC3	WM1724-ND
MISC4	365-1145-ND
MISC5	PNA2602M-ND
MSIC6	WM2613-ND
MSIC6	WM2613-ND
MSIC6	WM2613-ND
MISC7	WM2623-ND
MISC7	WM2623-ND
MISC7	WM2623-ND
MISC7	WM2623-ND
MISC7	WM2623-ND
MISC7	WM2623-ND
MISC8	WM1722-ND
MISC8	WM1722-ND
MISC8	WM1722-ND
MISC8	WM1722-ND
MISC8	WM1722-ND
MISC8	WM1722-ND
MISC8	WM1722-ND
MISC8	WM1722-ND
MISC9	WM1142CT-ND
MISC9	WM1142CT-ND
MISC9	WM1142CT-ND
MISC9	WM1142CT-ND
MISC9	WM1142CT-ND
MISC9	WM1142CT-ND
MISC9	WM1142CT-ND
MISC9	WM1142CT-ND
MISC9	WM1142CT-ND
MISC9	WM1142CT-ND
MISC9	WM1142CT-ND
MISC9	WM1142CT-ND
MISC9	WM1142CT-ND
MISC9	WM1142CT-ND
MISC9	WM1142CT-ND
MISC9	WM1142CT-ND
MISC9	WM1142CT-ND
MISC9	WM1142CT-ND
MISC9	WM1142CT-ND
MISC9	WM1142CT-ND
MISC9	WM1142CT-ND
MISC9	WM1142CT-ND
MISC9	WM1142CT-ND
MISC9	WM1142CT-ND
MISC9	WM1142CT-ND
MISC9	WM1142CT-ND
MISC9	WM1142CT-ND
MISC9	WM1142CT-ND
MISC9	WM1142CT-ND
MISC9	WM1142CT-ND
MISC9	WM1142CT-ND
MISC9	WM1142CT-ND
MISC9	WM1142CT-ND
MISC9	WM1142CT-ND
MISC9	WM1142CT-ND
MISC9	WM1142CT-ND
MISC9	WM1142CT-ND
MISC9	WM1142CT-ND
