Added Net: Name=9V
Added Net: Name=GND
Added Net: Name=HB0
Added Net: Name=HB1
Added Net: Name=HB2
Added Net: Name=HG0
Added Net: Name=HG1
Added Net: Name=HIGH0
Added Net: Name=HIGH1
Added Net: Name=HIGH2
Added Net: Name=HV_BATT_F
Added Net: Name=HVBATT
Added Net: Name=LG0
Added Net: Name=LG2
Added Net: Name=LOW0
Added Net: Name=LOW1
Added Net: Name=LOW2
Added Net: Name=PHASE0
Added Net: Name=PHASE1
Added Net: Name=PHASE2
Added Class: Name=motordriver
Added Class: Name=HIGH[0..2]
Added Class: Name=LOW[0..2]
Added Room: Name=motordriver
