Removed Parameter Availability:Good from Part C1
Removed Parameter Availability:Good from Part C5
Removed Parameter Availability:Good from Part C14
Removed Parameter Availability:Good from Part C48
Removed Parameter Availability:Good from Part C73
Removed Parameter Availability:Good from Part C74
Removed Parameter Availability:Good from Part C75
Removed Parameter Availability:Good from Part R39
Removed Parameter Availability:Good from Part R50
Removed Parameter Availability:Good from Part R51
Removed Parameter Availability:Good from Part R53
Removed Parameter Availability:Good from Part R58
Removed Parameter Availability:Good from Part U10
Removed Parameter Availability:Good from Part U23
Removed Parameter Availability:Good from Part U?
Removed Parameter Price:0.01 USD from Part R39
Removed Parameter Price:0.01 USD from Part R50
Removed Parameter Price:0.01 USD from Part R51
Removed Parameter Price:0.01 USD from Part R53
Removed Parameter Price:0.01 USD from Part R58
Removed Parameter Price:0.06 USD from Part C5
Removed Parameter Price:0.06 USD from Part C48
Removed Parameter Price:0.06 USD from Part C73
Removed Parameter Price:0.06 USD from Part C74
Removed Parameter Price:0.06 USD from Part C75
Removed Parameter Price:0.11 USD from Part C14
Removed Parameter Price:0.24 USD from Part U?
Removed Parameter Price:0.40 USD from Part U23
Removed Parameter Price:0.60 USD from Part U10
Removed Parameter Price:0.86 USD from Part C1
