eeschema (2013-jul-07)-stable  >> Creation date: Sat 04 Jun 2016 12:16:24 PM PDT
#Cmp ( order = Reference )
| C1         10uF        ;             ;             ;             ;             ;             ;             ;             ;             
| C5         10uF        ;             ;             ;             ;             ;             ;             ;             ;             
| C6         100uF       ;             ;             ;             ;             ;             ;             ;             ;             
| C7         10uF        ;             ;             ;             ;             ;             ;             ;             ;             
| C8         1mF         ; 565-2754-ND ;             ;             ;             ;             ;             ;             ;             
| C9         1mF         ; 565-2754-ND ;             ;             ;             ;             ;             ;             ;             
| C11        1mF         ; 565-2754-ND ;             ;             ;             ;             ;             ;             ;             
| D1         DIODE       ; 497-7575-1-ND;             ;             ;             ;             ;             ;             ;             
| D2         DIODESCH    ; NSR0240HT1GOSCT-ND;             ;             ;             ;             ;             ;             ;             
| D3         RURG3060CC  ;             ;             ;             ;             ;             ;             ;             ;             
| D5         LED         ;             ;             ;             ;             ;             ;             ;             ;             
| F1         5A          ; F1460CT-ND  ;             ;             ;             ;             ;             ;             ;             
| K1         RELAY_2RT   ; PB1167-ND   ;             ;             ;             ;             ;             ;             ;             
| L1         22uH        ; none        ;             ;             ;             ;             ;             ;             ;             
| M1         16mm        ; none        ;             ;             ;             ;             ;             ;             ;             
| M2         16mm        ; none        ;             ;             ;             ;             ;             ;             ;             
| M3         16mm        ; none        ;             ;             ;             ;             ;             ;             ;             
| P1         CONN_2      ; WM4300-ND   ;             ;             ;             ;             ;             ;             ;             
| P2         CONN_12     ; S7074-ND    ;             ;             ;             ;             ;             ;             ;             
| P3         CONN_2      ; WM4300-ND   ;             ;             ;             ;             ;             ;             ;             
| Q1         MOS_N       ; 497-12940-1-ND;             ;             ;             ;             ;             ;             ;             
| Q3         IGBT_N      ; FGA180N33ATDTU-ND;             ;             ;             ;             ;             ;             ;             
| Q4         IGBT_N      ; FGA180N33ATDTU-ND;             ;             ;             ;             ;             ;             ;             
| R1         100kR       ;             ;             ;             ;             ;             ;             ;             ;             
| R2         2.2kR       ;             ;             ;             ;             ;             ;             ;             ;             
| R3         10kR        ;             ;             ;             ;             ;             ;             ;             ;             
| R4         10kR        ;             ;             ;             ;             ;             ;             ;             ;             
| R7         100kR       ;             ;             ;             ;             ;             ;             ;             ;             
| R8         10kR        ;             ;             ;             ;             ;             ;             ;             ;             
| R10        160R        ;             ;             ;             ;             ;             ;             ;             ;             
| R11        160R        ;             ;             ;             ;             ;             ;             ;             ;             
| R12        2kR         ;             ;             ;             ;             ;             ;             ;             ;             
| R13        2kR         ;             ;             ;             ;             ;             ;             ;             ;             
| U1         MIC5020     ; 576-1818-5-ND;             ;             ;             ;             ;             ;             ;             
| U2         MIC5020     ; 576-1818-5-ND;             ;             ;             ;             ;             ;             ;             
| U3         MIC5020     ; 576-1818-5-ND;             ;             ;             ;             ;             ;             ;             
#End Cmp

#End List
