Added Component: Designator=8Mhz(XTAL_ABLS2-24.000MHZ-D4YF-T)
Added Component: Designator=C1(C0805)
Added Component: Designator=C3(CAPC2013X110N)
Added Component: Designator=C7(C0805)
Added Component: Designator=C8(C0805)
Added Component: Designator=C11(INDC2012X87N)
Added Component: Designator=C12(INDC2012X87N)
Added Component: Designator=C13(INDC2012X87N)
Added Component: Designator=C14(CAPC2012X135N)
Added Component: Designator=C15(CAPC2013X110N)
Added Component: Designator=C16(C0805)
Added Component: Designator=C17(CAPC2013X110N)
Added Component: Designator=C18(0805)
Added Component: Designator=C19(0805)
Added Component: Designator=C20(CAPC2013X110N)
Added Component: Designator=C21(CAPC2013X110N)
Added Component: Designator=C22(CAPC2013X110N)
Added Component: Designator=C23(C0805)
Added Component: Designator=Conn_01X03(PCBComponent_1)
Added Component: Designator=D1(3.2X1.6X1.1)
Added Component: Designator=D2(3.2X1.6X1.1)
Added Component: Designator=D3(3.2X1.6X1.1)
Added Component: Designator=DSchottky(SOT65P210X110-3N)
Added Component: Designator=P1(PCBComponent_1)
Added Component: Designator=P2(HDR1X6)
Added Component: Designator=Q1(SOT23-3)
Added Component: Designator=R2(RESC2012X60)
Added Component: Designator=R3(RESC2012X60)
Added Component: Designator=R4(RESC2012X60)
Added Component: Designator=R5(RESC2012X60)
Added Component: Designator=R6(RESC2012X60)
Added Component: Designator=R7(RESC2013X65N)
Added Component: Designator=R8(CAPC2012X140N)
Added Component: Designator=R9(CAPC2012X140N)
Added Component: Designator=Speaker(Speaker)
Added Component: Designator=STM32Dongle(QFP50P1200X1200X160-64N)
Added Component: Designator=SW1(PCBComponent_1)
Added Component: Designator=U4(SOIC127P600X175-8N)
Added Component: Designator=U5(XCVR_MRF24J40MDT-I/RM)
Added Pin To Net: NetName=3.3V Pin=C1-1
Added Pin To Net: NetName=3.3V Pin=C3-1
Added Pin To Net: NetName=3.3V Pin=C12-1
Added Pin To Net: NetName=3.3V Pin=C13-1
Added Pin To Net: NetName=3.3V Pin=C14-1
Added Pin To Net: NetName=3.3V Pin=C15-1
Added Pin To Net: NetName=3.3V Pin=C17-1
Added Pin To Net: NetName=3.3V Pin=C18-P1
Added Pin To Net: NetName=3.3V Pin=C19-P1
Added Pin To Net: NetName=3.3V Pin=C21-2
Added Pin To Net: NetName=3.3V Pin=C22-1
Added Pin To Net: NetName=3.3V Pin=DSchottky-1
Added Pin To Net: NetName=3.3V Pin=P2-1
Added Pin To Net: NetName=3.3V Pin=Speaker-1
Added Pin To Net: NetName=3.3V Pin=STM32Dongle-1
Added Pin To Net: NetName=3.3V Pin=STM32Dongle-13
Added Pin To Net: NetName=3.3V Pin=STM32Dongle-14
Added Pin To Net: NetName=3.3V Pin=STM32Dongle-15
Added Pin To Net: NetName=3.3V Pin=STM32Dongle-19
Added Pin To Net: NetName=3.3V Pin=STM32Dongle-20
Added Pin To Net: NetName=3.3V Pin=STM32Dongle-21
Added Pin To Net: NetName=3.3V Pin=STM32Dongle-32
Added Pin To Net: NetName=3.3V Pin=STM32Dongle-48
Added Pin To Net: NetName=3.3V Pin=STM32Dongle-64
Added Pin To Net: NetName=3.3V Pin=SW1-3
Added Pin To Net: NetName=3.3V Pin=U4-3
Added Net: Name=3.3V
Added Pin To Net: NetName=5V Pin=C11-2
Added Pin To Net: NetName=5V Pin=P1-1
Added Pin To Net: NetName=5V Pin=U4-4
Added Net: Name=5V
Added Pin To Net: NetName=GND Pin=C1-2
Added Pin To Net: NetName=GND Pin=C3-2
Added Pin To Net: NetName=GND Pin=C7-2
Added Pin To Net: NetName=GND Pin=C8-2
Added Pin To Net: NetName=GND Pin=C11-1
Added Pin To Net: NetName=GND Pin=C12-2
Added Pin To Net: NetName=GND Pin=C13-2
Added Pin To Net: NetName=GND Pin=C14-2
Added Pin To Net: NetName=GND Pin=C15-2
Added Pin To Net: NetName=GND Pin=C16-2
Added Pin To Net: NetName=GND Pin=C17-2
Added Pin To Net: NetName=GND Pin=C18-P2
Added Pin To Net: NetName=GND Pin=C19-P2
Added Pin To Net: NetName=GND Pin=C20-2
Added Pin To Net: NetName=GND Pin=C21-1
Added Pin To Net: NetName=GND Pin=C22-2
Added Pin To Net: NetName=GND Pin=C23-2
Added Pin To Net: NetName=GND Pin=D1-2
Added Pin To Net: NetName=GND Pin=D2-2
Added Pin To Net: NetName=GND Pin=D3-2
Added Pin To Net: NetName=GND Pin=P1-4
Added Pin To Net: NetName=GND Pin=P1-5
Added Pin To Net: NetName=GND Pin=P1-5
Added Pin To Net: NetName=GND Pin=P2-3
Added Pin To Net: NetName=GND Pin=Q1-2
Added Pin To Net: NetName=GND Pin=R7-1
Added Pin To Net: NetName=GND Pin=R9-1
Added Pin To Net: NetName=GND Pin=STM32Dongle-12
Added Pin To Net: NetName=GND Pin=STM32Dongle-17
Added Pin To Net: NetName=GND Pin=STM32Dongle-18
Added Pin To Net: NetName=GND Pin=STM32Dongle-28
Added Pin To Net: NetName=GND Pin=STM32Dongle-61
Added Pin To Net: NetName=GND Pin=STM32Dongle-62
Added Pin To Net: NetName=GND Pin=STM32Dongle-63
Added Pin To Net: NetName=GND Pin=U4-1
Added Pin To Net: NetName=GND Pin=U5-11
Added Pin To Net: NetName=GND Pin=U5-12
Added Net: Name=GND
Added Pin To Net: NetName=Net8Mhz_1 Pin=8Mhz-1
Added Pin To Net: NetName=Net8Mhz_1 Pin=C7-1
Added Pin To Net: NetName=Net8Mhz_1 Pin=STM32Dongle-5
Added Net: Name=Net8Mhz_1
Added Pin To Net: NetName=Net8Mhz_2 Pin=8Mhz-2
Added Pin To Net: NetName=Net8Mhz_2 Pin=C8-1
Added Pin To Net: NetName=Net8Mhz_2 Pin=STM32Dongle-6
Added Net: Name=Net8Mhz_2
Added Pin To Net: NetName=NetC16_1 Pin=C16-1
Added Pin To Net: NetName=NetC16_1 Pin=STM32Dongle-31
Added Net: Name=NetC16_1
Added Pin To Net: NetName=NetC23_1 Pin=C23-1
Added Pin To Net: NetName=NetC23_1 Pin=STM32Dongle-47
Added Net: Name=NetC23_1
Added Pin To Net: NetName=NetConn_01X03_R3 Pin=Conn_01X03-R3
Added Pin To Net: NetName=NetConn_01X03_R3 Pin=R6-2
Added Net: Name=NetConn_01X03_R3
Added Pin To Net: NetName=NetConn_01X03_S1 Pin=Conn_01X03-S1
Added Pin To Net: NetName=NetConn_01X03_S1 Pin=R7-2
Added Pin To Net: NetName=NetConn_01X03_S1 Pin=STM32Dongle-27
Added Net: Name=NetConn_01X03_S1
Added Pin To Net: NetName=NetConn_01X03_T2 Pin=Conn_01X03-T2
Added Pin To Net: NetName=NetConn_01X03_T2 Pin=R5-2
Added Net: Name=NetConn_01X03_T2
Added Pin To Net: NetName=NetD1_1 Pin=D1-1
Added Pin To Net: NetName=NetD1_1 Pin=R3-2
Added Net: Name=NetD1_1
Added Pin To Net: NetName=NetD2_1 Pin=D2-1
Added Pin To Net: NetName=NetD2_1 Pin=R4-2
Added Net: Name=NetD2_1
Added Pin To Net: NetName=NetD3_1 Pin=D3-1
Added Pin To Net: NetName=NetD3_1 Pin=R2-2
Added Net: Name=NetD3_1
Added Pin To Net: NetName=NetDSchottky_3 Pin=DSchottky-3
Added Pin To Net: NetName=NetDSchottky_3 Pin=Q1-3
Added Pin To Net: NetName=NetDSchottky_3 Pin=Speaker-2
Added Net: Name=NetDSchottky_3
Added Pin To Net: NetName=NetP1_2 Pin=P1-2
Added Pin To Net: NetName=NetP1_2 Pin=STM32Dongle-44
Added Net: Name=NetP1_2
Added Pin To Net: NetName=NetP1_3 Pin=P1-3
Added Pin To Net: NetName=NetP1_3 Pin=STM32Dongle-45
Added Net: Name=NetP1_3
Added Pin To Net: NetName=NetQ1_1 Pin=Q1-1
Added Pin To Net: NetName=NetQ1_1 Pin=R8-1
Added Net: Name=NetQ1_1
Added Pin To Net: NetName=NetR2_1 Pin=R2-1
Added Pin To Net: NetName=NetR2_1 Pin=STM32Dongle-35
Added Net: Name=NetR2_1
Added Pin To Net: NetName=NetR3_1 Pin=R3-1
Added Pin To Net: NetName=NetR3_1 Pin=STM32Dongle-33
Added Net: Name=NetR3_1
Added Pin To Net: NetName=NetR4_1 Pin=R4-1
Added Pin To Net: NetName=NetR4_1 Pin=STM32Dongle-34
Added Net: Name=NetR4_1
Added Pin To Net: NetName=NetR5_1 Pin=R5-1
Added Pin To Net: NetName=NetR5_1 Pin=STM32Dongle-26
Added Net: Name=NetR5_1
Added Pin To Net: NetName=NetR6_1 Pin=R6-1
Added Pin To Net: NetName=NetR6_1 Pin=STM32Dongle-25
Added Net: Name=NetR6_1
Added Pin To Net: NetName=NetR8_2 Pin=R8-2
Added Pin To Net: NetName=NetR8_2 Pin=STM32Dongle-16
Added Net: Name=NetR8_2
Added Pin To Net: NetName=NetR9_2 Pin=R9-2
Added Pin To Net: NetName=NetR9_2 Pin=STM32Dongle-60
Added Pin To Net: NetName=NetR9_2 Pin=SW1-1
Added Net: Name=NetR9_2
Added Pin To Net: NetName=NetSTM32Dongle_50 Pin=STM32Dongle-50
Added Pin To Net: NetName=NetSTM32Dongle_50 Pin=U5-8
Added Net: Name=NetSTM32Dongle_50
Added Pin To Net: NetName=NetSTM32Dongle_53 Pin=STM32Dongle-53
Added Pin To Net: NetName=NetSTM32Dongle_53 Pin=U5-4
Added Net: Name=NetSTM32Dongle_53
Added Pin To Net: NetName=NetSTM32Dongle_55 Pin=STM32Dongle-55
Added Pin To Net: NetName=NetSTM32Dongle_55 Pin=U5-6
Added Net: Name=NetSTM32Dongle_55
Added Pin To Net: NetName=NetSTM32Dongle_56 Pin=STM32Dongle-56
Added Pin To Net: NetName=NetSTM32Dongle_56 Pin=U5-7
Added Net: Name=NetSTM32Dongle_56
Added Pin To Net: NetName=NetSTM32Dongle_57 Pin=STM32Dongle-57
Added Pin To Net: NetName=NetSTM32Dongle_57 Pin=U5-5
Added Net: Name=NetSTM32Dongle_57
Added Pin To Net: NetName=NetSTM32Dongle_58 Pin=STM32Dongle-58
Added Pin To Net: NetName=NetSTM32Dongle_58 Pin=U5-3
Added Net: Name=NetSTM32Dongle_58
Added Pin To Net: NetName=NetSTM32Dongle_59 Pin=STM32Dongle-59
Added Pin To Net: NetName=NetSTM32Dongle_59 Pin=U5-2
Added Net: Name=NetSTM32Dongle_59
Added Pin To Net: NetName=NRST Pin=P2-5
Added Pin To Net: NetName=NRST Pin=STM32Dongle-7
Added Net: Name=NRST
Added Pin To Net: NetName=SWCLK Pin=P2-2
Added Pin To Net: NetName=SWCLK Pin=STM32Dongle-49
Added Net: Name=SWCLK
Added Pin To Net: NetName=SWDIO Pin=P2-4
Added Pin To Net: NetName=SWDIO Pin=STM32Dongle-46
Added Net: Name=SWDIO
Added Class: Name=Dongle
Added Room: Name=Dongle
