Removed Pin From Net: NetName=M1H1 Pin=J1-1
Removed Pin From Net: NetName=M1H2 Pin=J1-2
Removed Pin From Net: NetName=M1P3 Pin=J1-4
Removed Pin From Net: NetName=M1H3 Pin=J1-5
Removed Pin From Net: NetName=M1P2 Pin=J1-8
Removed Pin From Net: NetName=VCC Pin=P1-2
Removed Pin From Net: NetName=CSN Pin=P1-3
Removed Pin From Net: NetName=CSN Pin=P1-4
Removed Pin From Net: NetName=M1H1 Pin=P2-1
Removed Pin From Net: NetName=M1H2 Pin=P2-2
Removed Pin From Net: NetName=M1H3 Pin=P2-3
Removed Pin From Net: NetName=M1P2 Pin=P2-5
Removed Pin From Net: NetName=M1P3 Pin=P2-6
Removed Pin From Net: NetName=COAST Pin=P3-1
Removed Pin From Net: NetName=DIRO Pin=P3-2
Removed Pin From Net: NetName=ESF Pin=P3-3
Removed Pin From Net: NetName=RESET Pin=P3-4
Removed Pin From Net: NetName=CSOUT Pin=P3-5
Removed Pin From Net: NetName=MODE Pin=P3-6
Removed Pin From Net: NetName=PWM Pin=P3-7
Removed Pin From Net: NetName=M1FF1 Pin=P3-8
Removed Pin From Net: NetName=M1FF2 Pin=P3-9
Removed Pin From Net: NetName=TACHO Pin=P3-10
Removed Pin From Net: NetName=BRAKE Pin=P3-11
Removed Pin From Net: NetName=DIR Pin=P3-12
Removed Pin From Net: NetName=COAST Pin=P4-1
Removed Pin From Net: NetName=DIRO Pin=P4-2
Removed Pin From Net: NetName=ESF Pin=P4-3
Removed Pin From Net: NetName=RESET Pin=P4-4
Removed Pin From Net: NetName=CSOUT Pin=P4-5
Removed Pin From Net: NetName=MODE Pin=P4-6
Removed Pin From Net: NetName=PWM Pin=P4-7
Removed Pin From Net: NetName=M1FF1 Pin=P4-8
Removed Pin From Net: NetName=M1FF2 Pin=P4-9
Removed Pin From Net: NetName=TACHO Pin=P4-10
Removed Pin From Net: NetName=BRAKE Pin=P4-11
Removed Pin From Net: NetName=DIR Pin=P4-12
Change Component Comment : Designator=J1 Old Comment=0039281083 New Comment=Motor Molex Connector
Change Component Comment : Designator=P1 Old Comment=Header 4 New Comment=XT60
Change component parameters: Designator = "P1"; UniqueID = "\FVMXBLAA"
Change component parameters. Clean all parameters for all variants
Added Component: Designator=F1(PCBComponent_1)
Add component. Clean all parameters for all variants
Added Component: Designator=F2(PCBComponent_1)
Add component. Clean all parameters for all variants
Added Component: Designator=F3(PCBComponent_1)
Add component. Clean all parameters for all variants
Added Component: Designator=F4(PCBComponent_1)
Add component. Clean all parameters for all variants
Added Component: Designator=F5(PCBComponent_1)
Add component. Clean all parameters for all variants
Added Component: Designator=F6(PCBComponent_1)
Add component. Clean all parameters for all variants
Added Component: Designator=U2(Filter)
Add component. Clean all parameters for all variants
Added Component: Designator=U3(Filter)
Add component. Clean all parameters for all variants
Added Pin To Net: NetName=M1H1 Pin=F1-1
Added Pin To Net: NetName=M1H2 Pin=F2-1
Added Pin To Net: NetName=M1H3 Pin=F3-1
Added Pin To Net: NetName=M1P3 Pin=F4-1
Added Pin To Net: NetName=M1P2 Pin=F5-1
Added Pin To Net: NetName=M1P1 Pin=F6-1
Added Pin To Net: NetName=M1P1 Pin=F6-2
Added Pin To Net: NetName=CSN Pin=P1-2
Added Pin To Net: NetName=COAST Pin=U2-1
Added Pin To Net: NetName=DIRO Pin=U2-2
Added Pin To Net: NetName=ESF Pin=U2-3
Added Pin To Net: NetName=RESET Pin=U2-4
Added Pin To Net: NetName=CSOUT Pin=U2-5
Added Pin To Net: NetName=MODE Pin=U2-6
Added Pin To Net: NetName=CSN Pin=U2-GND
Added Pin To Net: NetName=PWM Pin=U3-1
Added Pin To Net: NetName=M1FF1 Pin=U3-2
Added Pin To Net: NetName=M1FF2 Pin=U3-3
Added Pin To Net: NetName=TACHO Pin=U3-4
Added Pin To Net: NetName=BRAKE Pin=U3-5
Added Pin To Net: NetName=DIR Pin=U3-6
Added Pin To Net: NetName=CSN Pin=U3-GND
Added Pin To Net: NetName=NetF1_2 Pin=F1-2
Added Pin To Net: NetName=NetF1_2 Pin=J1-1
Added Pin To Net: NetName=NetF1_2 Pin=P2-1
Added Net: Name=NetF1_2
Added Pin To Net: NetName=NetF2_2 Pin=F2-2
Added Pin To Net: NetName=NetF2_2 Pin=J1-2
Added Pin To Net: NetName=NetF2_2 Pin=P2-2
Added Net: Name=NetF2_2
Added Pin To Net: NetName=NetF3_2 Pin=F3-2
Added Pin To Net: NetName=NetF3_2 Pin=J1-5
Added Pin To Net: NetName=NetF3_2 Pin=P2-3
Added Net: Name=NetF3_2
Added Pin To Net: NetName=NetF4_2 Pin=F4-2
Added Pin To Net: NetName=NetF4_2 Pin=J1-4
Added Pin To Net: NetName=NetF4_2 Pin=P2-6
Added Net: Name=NetF4_2
Added Pin To Net: NetName=NetF5_2 Pin=F5-2
Added Pin To Net: NetName=NetF5_2 Pin=J1-8
Added Pin To Net: NetName=NetF5_2 Pin=P2-5
Added Net: Name=NetF5_2
Added Pin To Net: NetName=NetP3_1 Pin=P3-1
Added Pin To Net: NetName=NetP3_1 Pin=U2-7
Added Net: Name=NetP3_1
Added Pin To Net: NetName=NetP3_2 Pin=P3-2
Added Pin To Net: NetName=NetP3_2 Pin=U2-8
Added Net: Name=NetP3_2
Added Pin To Net: NetName=NetP3_3 Pin=P3-3
Added Pin To Net: NetName=NetP3_3 Pin=U2-9
Added Net: Name=NetP3_3
Added Pin To Net: NetName=NetP3_4 Pin=P3-4
Added Pin To Net: NetName=NetP3_4 Pin=U2-10
Added Net: Name=NetP3_4
Added Pin To Net: NetName=NetP3_5 Pin=P3-5
Added Pin To Net: NetName=NetP3_5 Pin=U2-11
Added Net: Name=NetP3_5
Added Pin To Net: NetName=NetP3_6 Pin=P3-6
Added Pin To Net: NetName=NetP3_6 Pin=U2-12
Added Net: Name=NetP3_6
Added Pin To Net: NetName=NetP3_7 Pin=P3-7
Added Pin To Net: NetName=NetP3_7 Pin=U3-7
Added Net: Name=NetP3_7
Added Pin To Net: NetName=NetP3_8 Pin=P3-8
Added Pin To Net: NetName=NetP3_8 Pin=U3-8
Added Net: Name=NetP3_8
Added Pin To Net: NetName=NetP3_9 Pin=P3-9
Added Pin To Net: NetName=NetP3_9 Pin=U3-9
Added Net: Name=NetP3_9
Added Pin To Net: NetName=NetP3_10 Pin=P3-10
Added Pin To Net: NetName=NetP3_10 Pin=U3-10
Added Net: Name=NetP3_10
Added Pin To Net: NetName=NetP3_11 Pin=P3-11
Added Pin To Net: NetName=NetP3_11 Pin=U3-11
Added Net: Name=NetP3_11
Added Pin To Net: NetName=NetP3_12 Pin=P3-12
Added Pin To Net: NetName=NetP3_12 Pin=U3-12
Added Net: Name=NetP3_12
Added Member To Class: ClassName=3phasedriver Member=Component F1 Fuse 1206
Added Member To Class: ClassName=3phasedriver Member=Component F2 Fuse 1206
Added Member To Class: ClassName=3phasedriver Member=Component F3 Fuse 1206
Added Member To Class: ClassName=3phasedriver Member=Component F4 Fuse 1206
Added Member To Class: ClassName=3phasedriver Member=Component F5 Fuse 1206
Added Member To Class: ClassName=3phasedriver Member=Component F6 Fuse 1206
Added Member To Class: ClassName=3phasedriver Member=Component U2 EMI Filter
Added Member To Class: ClassName=3phasedriver Member=Component U3 EMI Filter
