Added Component: Designator=C1(CAPC2013X110N)
Add component. Clean all parameters for all variants
Add component (AddParameter): Name = "Availability"; Value = "Good"; VariantName = "[No Variations]"
Add component (AddParameter): Name = "MF"; Value = "Kemet"; VariantName = "[No Variations]"
Add component (AddParameter): Name = "MP"; Value = "C0805C104K5RACTU"; VariantName = "[No Variations]"
Add component (AddParameter): Name = "Package"; Value = "0805 Kemet"; VariantName = "[No Variations]"
Add component (AddParameter): Name = "Price"; Value = "0.86 USD"; VariantName = "[No Variations]"
Add component (AddParameter): Name = "Value"; Value = ""; VariantName = "[No Variations]"
Added Component: Designator=C2(CAPC2013X110N)
Add component. Clean all parameters for all variants
Add component (AddParameter): Name = "Availability"; Value = "Good"; VariantName = "[No Variations]"
Add component (AddParameter): Name = "MF"; Value = "Kemet"; VariantName = "[No Variations]"
Add component (AddParameter): Name = "MP"; Value = "C0805C104K5RACTU"; VariantName = "[No Variations]"
Add component (AddParameter): Name = "Package"; Value = "0805 Kemet"; VariantName = "[No Variations]"
Add component (AddParameter): Name = "Price"; Value = "0.86 USD"; VariantName = "[No Variations]"
Add component (AddParameter): Name = "Value"; Value = ""; VariantName = "[No Variations]"
Added Component: Designator=C3(CAPC2013X110N)
Add component. Clean all parameters for all variants
Add component (AddParameter): Name = "Availability"; Value = "Good"; VariantName = "[No Variations]"
Add component (AddParameter): Name = "MF"; Value = "Kemet"; VariantName = "[No Variations]"
Add component (AddParameter): Name = "MP"; Value = "C0805C104K5RACTU"; VariantName = "[No Variations]"
Add component (AddParameter): Name = "Package"; Value = "0805 Kemet"; VariantName = "[No Variations]"
Add component (AddParameter): Name = "Price"; Value = "0.86 USD"; VariantName = "[No Variations]"
Add component (AddParameter): Name = "Value"; Value = ""; VariantName = "[No Variations]"
Added Component: Designator=C4(CAPC2013X110N)
Add component. Clean all parameters for all variants
Add component (AddParameter): Name = "Availability"; Value = "Good"; VariantName = "[No Variations]"
Add component (AddParameter): Name = "MF"; Value = "Kemet"; VariantName = "[No Variations]"
Add component (AddParameter): Name = "MP"; Value = "C0805C104K5RACTU"; VariantName = "[No Variations]"
Add component (AddParameter): Name = "Package"; Value = "0805 Kemet"; VariantName = "[No Variations]"
Add component (AddParameter): Name = "Price"; Value = "0.86 USD"; VariantName = "[No Variations]"
Add component (AddParameter): Name = "Value"; Value = ""; VariantName = "[No Variations]"
Added Component: Designator=C5(CAPC2013X110N)
Add component. Clean all parameters for all variants
Add component (AddParameter): Name = "Availability"; Value = "Good"; VariantName = "[No Variations]"
Add component (AddParameter): Name = "MF"; Value = "Kemet"; VariantName = "[No Variations]"
Add component (AddParameter): Name = "MP"; Value = "C0805C104K5RACTU"; VariantName = "[No Variations]"
Add component (AddParameter): Name = "Package"; Value = "0805 Kemet"; VariantName = "[No Variations]"
Add component (AddParameter): Name = "Price"; Value = "0.86 USD"; VariantName = "[No Variations]"
Add component (AddParameter): Name = "Value"; Value = ""; VariantName = "[No Variations]"
Added Component: Designator=C6(CAPC2013X110N)
Add component. Clean all parameters for all variants
Add component (AddParameter): Name = "Availability"; Value = "Good"; VariantName = "[No Variations]"
Add component (AddParameter): Name = "MF"; Value = "Kemet"; VariantName = "[No Variations]"
Add component (AddParameter): Name = "MP"; Value = "C0805C104K5RACTU"; VariantName = "[No Variations]"
Add component (AddParameter): Name = "Package"; Value = "0805 Kemet"; VariantName = "[No Variations]"
Add component (AddParameter): Name = "Price"; Value = "0.86 USD"; VariantName = "[No Variations]"
Add component (AddParameter): Name = "Value"; Value = ""; VariantName = "[No Variations]"
Added Component: Designator=C7(CAPC2013X110N)
Add component. Clean all parameters for all variants
Add component (AddParameter): Name = "Availability"; Value = "Good"; VariantName = "[No Variations]"
Add component (AddParameter): Name = "MF"; Value = "Kemet"; VariantName = "[No Variations]"
Add component (AddParameter): Name = "MP"; Value = "C0805C104K5RACTU"; VariantName = "[No Variations]"
Add component (AddParameter): Name = "Package"; Value = "0805 Kemet"; VariantName = "[No Variations]"
Add component (AddParameter): Name = "Price"; Value = "0.86 USD"; VariantName = "[No Variations]"
Add component (AddParameter): Name = "Value"; Value = ""; VariantName = "[No Variations]"
Added Component: Designator=C8(CAPC2013X110N)
Add component. Clean all parameters for all variants
Add component (AddParameter): Name = "Availability"; Value = "Good"; VariantName = "[No Variations]"
Add component (AddParameter): Name = "MF"; Value = "Kemet"; VariantName = "[No Variations]"
Add component (AddParameter): Name = "MP"; Value = "C0805C104K5RACTU"; VariantName = "[No Variations]"
Add component (AddParameter): Name = "Package"; Value = "0805 Kemet"; VariantName = "[No Variations]"
Add component (AddParameter): Name = "Price"; Value = "0.86 USD"; VariantName = "[No Variations]"
Add component (AddParameter): Name = "Value"; Value = ""; VariantName = "[No Variations]"
Added Component: Designator=C9(CAPC2013X110N)
Add component. Clean all parameters for all variants
Add component (AddParameter): Name = "Availability"; Value = "Good"; VariantName = "[No Variations]"
Add component (AddParameter): Name = "MF"; Value = "Kemet"; VariantName = "[No Variations]"
Add component (AddParameter): Name = "MP"; Value = "C0805C104K5RACTU"; VariantName = "[No Variations]"
Add component (AddParameter): Name = "Package"; Value = "0805 Kemet"; VariantName = "[No Variations]"
Add component (AddParameter): Name = "Price"; Value = "0.86 USD"; VariantName = "[No Variations]"
Add component (AddParameter): Name = "Value"; Value = ""; VariantName = "[No Variations]"
Added Component: Designator=J1(*MOLEX_0039281083)
Add component. Clean all parameters for all variants
Add component (AddParameter): Name = "Availability"; Value = "Unavailable"; VariantName = "[No Variations]"
Add component (AddParameter): Name = "MF"; Value = "Molex"; VariantName = "[No Variations]"
Add component (AddParameter): Name = "MP"; Value = "0039281083"; VariantName = "[No Variations]"
Add component (AddParameter): Name = "Package"; Value = "None"; VariantName = "[No Variations]"
Add component (AddParameter): Name = "Price"; Value = "None"; VariantName = "[No Variations]"
Add component (AddParameter): Name = "SnapEDA_Link"; Value = "https://www.snapeda.com/parts/0039281083/Molex/view-part/?ref=snap"; VariantName = "[No Variations]"
Add component (AddParameter): Name = "Value"; Value = ""; VariantName = "[No Variations]"
Added Component: Designator=P2(HDR1X6)
Add component. Clean all parameters for all variants
Add component (AddParameter): Name = "LatestRevisionDate"; Value = "17-Jul-2002"; VariantName = "[No Variations]"
Add component (AddParameter): Name = "LatestRevisionNote"; Value = "Re-released for DXP Platform."; VariantName = "[No Variations]"
Add component (AddParameter): Name = "Publisher"; Value = "Altium Limited"; VariantName = "[No Variations]"
Added Component: Designator=P3(HDR1X12)
Add component. Clean all parameters for all variants
Add component (AddParameter): Name = "LatestRevisionDate"; Value = "17-Jul-2002"; VariantName = "[No Variations]"
Add component (AddParameter): Name = "LatestRevisionNote"; Value = "Re-released for DXP Platform."; VariantName = "[No Variations]"
Add component (AddParameter): Name = "Publisher"; Value = "Altium Limited"; VariantName = "[No Variations]"
Added Component: Designator=Q1(SOIC127P600X170-8N)
Add component. Clean all parameters for all variants
Added Component: Designator=Q2(SOIC127P600X170-8N)
Add component. Clean all parameters for all variants
Added Component: Designator=Q3(SOIC127P600X170-8N)
Add component. Clean all parameters for all variants
Added Component: Designator=Q4(SOIC127P600X170-8N)
Add component. Clean all parameters for all variants
Added Component: Designator=Q5(SOIC127P600X170-8N)
Add component. Clean all parameters for all variants
Added Component: Designator=Q6(SOIC127P600X170-8N)
Add component. Clean all parameters for all variants
Added Component: Designator=R1(RESC2013X65N)
Add component. Clean all parameters for all variants
Add component (AddParameter): Name = "Availability"; Value = "Good"; VariantName = "[No Variations]"
Add component (AddParameter): Name = "MF"; Value = "Yageo"; VariantName = "[No Variations]"
Add component (AddParameter): Name = "MP"; Value = "RC0805FR-072K2L"; VariantName = "[No Variations]"
Add component (AddParameter): Name = "Package"; Value = "0805 Yageo"; VariantName = "[No Variations]"
Add component (AddParameter): Name = "Price"; Value = "0.01 USD"; VariantName = "[No Variations]"
Add component (AddParameter): Name = "SnapEDA_Link"; Value = "https://www.snapeda.com/parts/RC0805FR-072K2L/Yageo/view-part/?ref=snap"; VariantName = "[No Variations]"
Add component (AddParameter): Name = "Value"; Value = ""; VariantName = "[No Variations]"
Added Component: Designator=R2(RESC2013X65N)
Add component. Clean all parameters for all variants
Add component (AddParameter): Name = "Availability"; Value = "Good"; VariantName = "[No Variations]"
Add component (AddParameter): Name = "MF"; Value = "Yageo"; VariantName = "[No Variations]"
Add component (AddParameter): Name = "MP"; Value = "RC0805FR-072K2L"; VariantName = "[No Variations]"
Add component (AddParameter): Name = "Package"; Value = "0805 Yageo"; VariantName = "[No Variations]"
Add component (AddParameter): Name = "Price"; Value = "0.01 USD"; VariantName = "[No Variations]"
Add component (AddParameter): Name = "SnapEDA_Link"; Value = "https://www.snapeda.com/parts/RC0805FR-072K2L/Yageo/view-part/?ref=snap"; VariantName = "[No Variations]"
Add component (AddParameter): Name = "Value"; Value = ""; VariantName = "[No Variations]"
Added Component: Designator=R3(RESC2013X65N)
Add component. Clean all parameters for all variants
Add component (AddParameter): Name = "Availability"; Value = "Good"; VariantName = "[No Variations]"
Add component (AddParameter): Name = "MF"; Value = "Yageo"; VariantName = "[No Variations]"
Add component (AddParameter): Name = "MP"; Value = "RC0805FR-072K2L"; VariantName = "[No Variations]"
Add component (AddParameter): Name = "Package"; Value = "0805 Yageo"; VariantName = "[No Variations]"
Add component (AddParameter): Name = "Price"; Value = "0.01 USD"; VariantName = "[No Variations]"
Add component (AddParameter): Name = "SnapEDA_Link"; Value = "https://www.snapeda.com/parts/RC0805FR-072K2L/Yageo/view-part/?ref=snap"; VariantName = "[No Variations]"
Add component (AddParameter): Name = "Value"; Value = ""; VariantName = "[No Variations]"
Added Component: Designator=R4(RESC2013X65N)
Add component. Clean all parameters for all variants
Add component (AddParameter): Name = "Availability"; Value = "Good"; VariantName = "[No Variations]"
Add component (AddParameter): Name = "MF"; Value = "Yageo"; VariantName = "[No Variations]"
Add component (AddParameter): Name = "MP"; Value = "RC0805FR-072K2L"; VariantName = "[No Variations]"
Add component (AddParameter): Name = "Package"; Value = "0805 Yageo"; VariantName = "[No Variations]"
Add component (AddParameter): Name = "Price"; Value = "0.01 USD"; VariantName = "[No Variations]"
Add component (AddParameter): Name = "SnapEDA_Link"; Value = "https://www.snapeda.com/parts/RC0805FR-072K2L/Yageo/view-part/?ref=snap"; VariantName = "[No Variations]"
Add component (AddParameter): Name = "Value"; Value = ""; VariantName = "[No Variations]"
Added Component: Designator=R5(RESC2013X65N)
Add component. Clean all parameters for all variants
Add component (AddParameter): Name = "Availability"; Value = "Good"; VariantName = "[No Variations]"
Add component (AddParameter): Name = "MF"; Value = "Yageo"; VariantName = "[No Variations]"
Add component (AddParameter): Name = "MP"; Value = "RC0805FR-072K2L"; VariantName = "[No Variations]"
Add component (AddParameter): Name = "Package"; Value = "0805 Yageo"; VariantName = "[No Variations]"
Add component (AddParameter): Name = "Price"; Value = "0.01 USD"; VariantName = "[No Variations]"
Add component (AddParameter): Name = "SnapEDA_Link"; Value = "https://www.snapeda.com/parts/RC0805FR-072K2L/Yageo/view-part/?ref=snap"; VariantName = "[No Variations]"
Add component (AddParameter): Name = "Value"; Value = ""; VariantName = "[No Variations]"
Added Component: Designator=R6(RESC2013X65N)
Add component. Clean all parameters for all variants
Add component (AddParameter): Name = "Availability"; Value = "Good"; VariantName = "[No Variations]"
Add component (AddParameter): Name = "MF"; Value = "Yageo"; VariantName = "[No Variations]"
Add component (AddParameter): Name = "MP"; Value = "RC0805FR-072K2L"; VariantName = "[No Variations]"
Add component (AddParameter): Name = "Package"; Value = "0805 Yageo"; VariantName = "[No Variations]"
Add component (AddParameter): Name = "Price"; Value = "0.01 USD"; VariantName = "[No Variations]"
Add component (AddParameter): Name = "SnapEDA_Link"; Value = "https://www.snapeda.com/parts/RC0805FR-072K2L/Yageo/view-part/?ref=snap"; VariantName = "[No Variations]"
Add component (AddParameter): Name = "Value"; Value = ""; VariantName = "[No Variations]"
Added Component: Designator=R7(RESC2013X65N)
Add component. Clean all parameters for all variants
Add component (AddParameter): Name = "Availability"; Value = "Good"; VariantName = "[No Variations]"
Add component (AddParameter): Name = "MF"; Value = "Yageo"; VariantName = "[No Variations]"
Add component (AddParameter): Name = "MP"; Value = "RC0805FR-072K2L"; VariantName = "[No Variations]"
Add component (AddParameter): Name = "Package"; Value = "0805 Yageo"; VariantName = "[No Variations]"
Add component (AddParameter): Name = "Price"; Value = "0.01 USD"; VariantName = "[No Variations]"
Add component (AddParameter): Name = "SnapEDA_Link"; Value = "https://www.snapeda.com/parts/RC0805FR-072K2L/Yageo/view-part/?ref=snap"; VariantName = "[No Variations]"
Add component (AddParameter): Name = "Value"; Value = ""; VariantName = "[No Variations]"
Added Component: Designator=R8(RESC2013X65N)
Add component. Clean all parameters for all variants
Add component (AddParameter): Name = "Availability"; Value = "Good"; VariantName = "[No Variations]"
Add component (AddParameter): Name = "MF"; Value = "Yageo"; VariantName = "[No Variations]"
Add component (AddParameter): Name = "MP"; Value = "RC0805FR-072K2L"; VariantName = "[No Variations]"
Add component (AddParameter): Name = "Package"; Value = "0805 Yageo"; VariantName = "[No Variations]"
Add component (AddParameter): Name = "Price"; Value = "0.01 USD"; VariantName = "[No Variations]"
Add component (AddParameter): Name = "SnapEDA_Link"; Value = "https://www.snapeda.com/parts/RC0805FR-072K2L/Yageo/view-part/?ref=snap"; VariantName = "[No Variations]"
Add component (AddParameter): Name = "Value"; Value = ""; VariantName = "[No Variations]"
Added Component: Designator=R9(RESC2013X65N)
Add component. Clean all parameters for all variants
Add component (AddParameter): Name = "Availability"; Value = "Good"; VariantName = "[No Variations]"
Add component (AddParameter): Name = "MF"; Value = "Yageo"; VariantName = "[No Variations]"
Add component (AddParameter): Name = "MP"; Value = "RC0805FR-072K2L"; VariantName = "[No Variations]"
Add component (AddParameter): Name = "Package"; Value = "0805 Yageo"; VariantName = "[No Variations]"
Add component (AddParameter): Name = "Price"; Value = "0.01 USD"; VariantName = "[No Variations]"
Add component (AddParameter): Name = "SnapEDA_Link"; Value = "https://www.snapeda.com/parts/RC0805FR-072K2L/Yageo/view-part/?ref=snap"; VariantName = "[No Variations]"
Add component (AddParameter): Name = "Value"; Value = ""; VariantName = "[No Variations]"
Added Component: Designator=R10(RESC2013X65N)
Add component. Clean all parameters for all variants
Add component (AddParameter): Name = "Availability"; Value = "Good"; VariantName = "[No Variations]"
Add component (AddParameter): Name = "MF"; Value = "Yageo"; VariantName = "[No Variations]"
Add component (AddParameter): Name = "MP"; Value = "RC0805FR-072K2L"; VariantName = "[No Variations]"
Add component (AddParameter): Name = "Package"; Value = "0805 Yageo"; VariantName = "[No Variations]"
Add component (AddParameter): Name = "Price"; Value = "0.01 USD"; VariantName = "[No Variations]"
Add component (AddParameter): Name = "SnapEDA_Link"; Value = "https://www.snapeda.com/parts/RC0805FR-072K2L/Yageo/view-part/?ref=snap"; VariantName = "[No Variations]"
Add component (AddParameter): Name = "Value"; Value = ""; VariantName = "[No Variations]"
Added Component: Designator=R11(RESC2013X65N)
Add component. Clean all parameters for all variants
Add component (AddParameter): Name = "Availability"; Value = "Good"; VariantName = "[No Variations]"
Add component (AddParameter): Name = "MF"; Value = "Yageo"; VariantName = "[No Variations]"
Add component (AddParameter): Name = "MP"; Value = "RC0805FR-072K2L"; VariantName = "[No Variations]"
Add component (AddParameter): Name = "Package"; Value = "0805 Yageo"; VariantName = "[No Variations]"
Add component (AddParameter): Name = "Price"; Value = "0.01 USD"; VariantName = "[No Variations]"
Add component (AddParameter): Name = "SnapEDA_Link"; Value = "https://www.snapeda.com/parts/RC0805FR-072K2L/Yageo/view-part/?ref=snap"; VariantName = "[No Variations]"
Add component (AddParameter): Name = "Value"; Value = ""; VariantName = "[No Variations]"
Added Component: Designator=R12(RESC2013X65N)
Add component. Clean all parameters for all variants
Add component (AddParameter): Name = "Availability"; Value = "Good"; VariantName = "[No Variations]"
Add component (AddParameter): Name = "MF"; Value = "Yageo"; VariantName = "[No Variations]"
Add component (AddParameter): Name = "MP"; Value = "RC0805FR-072K2L"; VariantName = "[No Variations]"
Add component (AddParameter): Name = "Package"; Value = "0805 Yageo"; VariantName = "[No Variations]"
Add component (AddParameter): Name = "Price"; Value = "0.01 USD"; VariantName = "[No Variations]"
Add component (AddParameter): Name = "SnapEDA_Link"; Value = "https://www.snapeda.com/parts/RC0805FR-072K2L/Yageo/view-part/?ref=snap"; VariantName = "[No Variations]"
Add component (AddParameter): Name = "Value"; Value = ""; VariantName = "[No Variations]"
Added Component: Designator=U1(CQFP50P900X900X160-48N)
Add component. Clean all parameters for all variants
Added Pin To Net: NetName=CA Pin=C1-1
Added Pin To Net: NetName=M1P2 Pin=C1-2
Added Pin To Net: NetName=CB Pin=C2-1
Added Pin To Net: NetName=M1P1 Pin=C2-2
Added Pin To Net: NetName=CC Pin=C3-1
Added Pin To Net: NetName=M1P3 Pin=C3-2
Added Pin To Net: NetName=CSN Pin=C4-1
Added Pin To Net: NetName=VCC Pin=C4-2
Added Pin To Net: NetName=CSN Pin=C5-1
Added Pin To Net: NetName=VCC Pin=C5-2
Added Pin To Net: NetName=CSN Pin=C6-1
Added Pin To Net: NetName=NetC6_2 Pin=C6-2
Added Pin To Net: NetName=CP2 Pin=C7-1
Added Pin To Net: NetName=CP1 Pin=C7-2
Added Pin To Net: NetName=CSN Pin=C8-1
Added Pin To Net: NetName=V5 Pin=C8-2
Added Pin To Net: NetName=CSN Pin=C9-1
Added Pin To Net: NetName=RC Pin=C9-2
Added Pin To Net: NetName=NetF1_2 Pin=J1-1
Added Pin To Net: NetName=NetF2_2 Pin=J1-2
Added Pin To Net: NetName=VCC Pin=J1-3
Added Pin To Net: NetName=NetF4_2 Pin=J1-4
Added Pin To Net: NetName=NetF3_2 Pin=J1-5
Added Pin To Net: NetName=CSN Pin=J1-6
Added Pin To Net: NetName=M1P1 Pin=J1-7
Added Pin To Net: NetName=NetF5_2 Pin=J1-8
Added Pin To Net: NetName=NetF1_2 Pin=P2-1
Added Pin To Net: NetName=NetF2_2 Pin=P2-2
Added Pin To Net: NetName=NetF3_2 Pin=P2-3
Added Pin To Net: NetName=M1P1 Pin=P2-4
Added Pin To Net: NetName=NetF5_2 Pin=P2-5
Added Pin To Net: NetName=NetF4_2 Pin=P2-6
Added Pin To Net: NetName=NetP3_1 Pin=P3-1
Added Pin To Net: NetName=NetP3_2 Pin=P3-2
Added Pin To Net: NetName=NetP3_3 Pin=P3-3
Added Pin To Net: NetName=NetP3_4 Pin=P3-4
Added Pin To Net: NetName=NetP3_5 Pin=P3-5
Added Pin To Net: NetName=NetP3_6 Pin=P3-6
Added Pin To Net: NetName=NetP3_7 Pin=P3-7
Added Pin To Net: NetName=NetP3_8 Pin=P3-8
Added Pin To Net: NetName=NetP3_9 Pin=P3-9
Added Pin To Net: NetName=NetP3_10 Pin=P3-10
Added Pin To Net: NetName=NetP3_11 Pin=P3-11
Added Pin To Net: NetName=NetP3_12 Pin=P3-12
Added Pin To Net: NetName=VCC Pin=Q1-D
Added Pin To Net: NetName=VCC Pin=Q1-D
Added Pin To Net: NetName=VCC Pin=Q1-D
Added Pin To Net: NetName=VCC Pin=Q1-D
Added Pin To Net: NetName=NetQ1_G Pin=Q1-G
Added Pin To Net: NetName=M1P2 Pin=Q1-S
Added Pin To Net: NetName=M1P2 Pin=Q1-S
Added Pin To Net: NetName=M1P2 Pin=Q1-S
Added Pin To Net: NetName=M1P2 Pin=Q2-D
Added Pin To Net: NetName=M1P2 Pin=Q2-D
Added Pin To Net: NetName=M1P2 Pin=Q2-D
Added Pin To Net: NetName=M1P2 Pin=Q2-D
Added Pin To Net: NetName=NetQ2_G Pin=Q2-G
Added Pin To Net: NetName=CSP Pin=Q2-S
Added Pin To Net: NetName=CSP Pin=Q2-S
Added Pin To Net: NetName=CSP Pin=Q2-S
Added Pin To Net: NetName=VCC Pin=Q3-D
Added Pin To Net: NetName=VCC Pin=Q3-D
Added Pin To Net: NetName=VCC Pin=Q3-D
Added Pin To Net: NetName=VCC Pin=Q3-D
Added Pin To Net: NetName=NetQ3_G Pin=Q3-G
Added Pin To Net: NetName=M1P1 Pin=Q3-S
Added Pin To Net: NetName=M1P1 Pin=Q3-S
Added Pin To Net: NetName=M1P1 Pin=Q3-S
Added Pin To Net: NetName=M1P1 Pin=Q4-D
Added Pin To Net: NetName=M1P1 Pin=Q4-D
Added Pin To Net: NetName=M1P1 Pin=Q4-D
Added Pin To Net: NetName=M1P1 Pin=Q4-D
Added Pin To Net: NetName=NetQ4_G Pin=Q4-G
Added Pin To Net: NetName=CSP Pin=Q4-S
Added Pin To Net: NetName=CSP Pin=Q4-S
Added Pin To Net: NetName=CSP Pin=Q4-S
Added Pin To Net: NetName=VCC Pin=Q5-D
Added Pin To Net: NetName=VCC Pin=Q5-D
Added Pin To Net: NetName=VCC Pin=Q5-D
Added Pin To Net: NetName=VCC Pin=Q5-D
Added Pin To Net: NetName=NetQ5_G Pin=Q5-G
Added Pin To Net: NetName=M1P3 Pin=Q5-S
Added Pin To Net: NetName=M1P3 Pin=Q5-S
Added Pin To Net: NetName=M1P3 Pin=Q5-S
Added Pin To Net: NetName=M1P3 Pin=Q6-D
Added Pin To Net: NetName=M1P3 Pin=Q6-D
Added Pin To Net: NetName=M1P3 Pin=Q6-D
Added Pin To Net: NetName=M1P3 Pin=Q6-D
Added Pin To Net: NetName=NetQ6_G Pin=Q6-G
Added Pin To Net: NetName=CSP Pin=Q6-S
Added Pin To Net: NetName=CSP Pin=Q6-S
Added Pin To Net: NetName=CSP Pin=Q6-S
Added Pin To Net: NetName=NetQ1_G Pin=R1-1
Added Pin To Net: NetName=GHA Pin=R1-2
Added Pin To Net: NetName=NetQ2_G Pin=R2-1
Added Pin To Net: NetName=GLA Pin=R2-2
Added Pin To Net: NetName=NetQ3_G Pin=R3-1
Added Pin To Net: NetName=GHB Pin=R3-2
Added Pin To Net: NetName=NetQ4_G Pin=R4-1
Added Pin To Net: NetName=GLB Pin=R4-2
Added Pin To Net: NetName=NetQ5_G Pin=R5-1
Added Pin To Net: NetName=GHC Pin=R5-2
Added Pin To Net: NetName=NetQ6_G Pin=R6-1
Added Pin To Net: NetName=GLC Pin=R6-2
Added Pin To Net: NetName=CSN Pin=R7-1
Added Pin To Net: NetName=CSP Pin=R7-2
Added Pin To Net: NetName=V5 Pin=R8-1
Added Pin To Net: NetName=REF Pin=R8-2
Added Pin To Net: NetName=V5 Pin=R9-1
Added Pin To Net: NetName=VDSTH Pin=R9-2
Added Pin To Net: NetName=VDSTH Pin=R10-1
Added Pin To Net: NetName=CSN Pin=R10-2
Added Pin To Net: NetName=RDEAD Pin=R11-1
Added Pin To Net: NetName=CSN Pin=R11-2
Added Pin To Net: NetName=RC Pin=R12-1
Added Pin To Net: NetName=CSN Pin=R12-2
Added Pin To Net: NetName=RESET Pin=U1-2
Added Pin To Net: NetName=V5 Pin=U1-3
Added Pin To Net: NetName=V5 Pin=U1-4
Added Pin To Net: NetName=M1FF2 Pin=U1-5
Added Pin To Net: NetName=M1FF1 Pin=U1-6
Added Pin To Net: NetName=TACHO Pin=U1-7
Added Pin To Net: NetName=BRAKE Pin=U1-8
Added Pin To Net: NetName=DIR Pin=U1-9
Added Pin To Net: NetName=M1H1 Pin=U1-10
Added Pin To Net: NetName=M1H2 Pin=U1-11
Added Pin To Net: NetName=M1H3 Pin=U1-12
Added Pin To Net: NetName=PWM Pin=U1-14
Added Pin To Net: NetName=MODE Pin=U1-15
Added Pin To Net: NetName=RC Pin=U1-16
Added Pin To Net: NetName=CSN Pin=U1-17
Added Pin To Net: NetName=RDEAD Pin=U1-18
Added Pin To Net: NetName=CSOUT Pin=U1-19
Added Pin To Net: NetName=REF Pin=U1-20
Added Pin To Net: NetName=CSN Pin=U1-21
Added Pin To Net: NetName=CSP Pin=U1-22
Added Pin To Net: NetName=VDSTH Pin=U1-23
Added Pin To Net: NetName=VCC Pin=U1-24
Added Pin To Net: NetName=M1P3 Pin=U1-25
Added Pin To Net: NetName=GHC Pin=U1-26
Added Pin To Net: NetName=CC Pin=U1-27
Added Pin To Net: NetName=M1P1 Pin=U1-28
Added Pin To Net: NetName=GHB Pin=U1-29
Added Pin To Net: NetName=CB Pin=U1-30
Added Pin To Net: NetName=M1P2 Pin=U1-31
Added Pin To Net: NetName=GHA Pin=U1-32
Added Pin To Net: NetName=CA Pin=U1-33
Added Pin To Net: NetName=GLC Pin=U1-34
Added Pin To Net: NetName=GLB Pin=U1-35
Added Pin To Net: NetName=GLA Pin=U1-36
Added Pin To Net: NetName=CSP Pin=U1-38
Added Pin To Net: NetName=ESF Pin=U1-39
Added Pin To Net: NetName=NetC6_2 Pin=U1-40
Added Pin To Net: NetName=CSN Pin=U1-41
Added Pin To Net: NetName=CP1 Pin=U1-42
Added Pin To Net: NetName=CP2 Pin=U1-43
Added Pin To Net: NetName=DIRO Pin=U1-44
Added Pin To Net: NetName=VCC Pin=U1-45
Added Pin To Net: NetName=COAST Pin=U1-46
Added Member To Class: ClassName=3phasedriver Member=Component C1 0805
Added Member To Class: ClassName=3phasedriver Member=Component C2 0805
Added Member To Class: ClassName=3phasedriver Member=Component C3 0805
Added Member To Class: ClassName=3phasedriver Member=Component C4 0805
Added Member To Class: ClassName=3phasedriver Member=Component C5 0805
Added Member To Class: ClassName=3phasedriver Member=Component C6 0805
Added Member To Class: ClassName=3phasedriver Member=Component C7 0805
Added Member To Class: ClassName=3phasedriver Member=Component C8 0805
Added Member To Class: ClassName=3phasedriver Member=Component C9 0805
Added Member To Class: ClassName=3phasedriver Member=Component J1 Motor Molex Connector
Added Member To Class: ClassName=3phasedriver Member=Component P2 Header 6
Added Member To Class: ClassName=3phasedriver Member=Component P3 Header 12
Added Member To Class: ClassName=3phasedriver Member=Component Q1 AO4884
Added Member To Class: ClassName=3phasedriver Member=Component Q2 AO4884
Added Member To Class: ClassName=3phasedriver Member=Component Q3 AO4884
Added Member To Class: ClassName=3phasedriver Member=Component Q4 AO4884
Added Member To Class: ClassName=3phasedriver Member=Component Q5 AO4884
Added Member To Class: ClassName=3phasedriver Member=Component Q6 AO4884
Added Member To Class: ClassName=3phasedriver Member=Component R1 0805
Added Member To Class: ClassName=3phasedriver Member=Component R2 0805
Added Member To Class: ClassName=3phasedriver Member=Component R3 0805
Added Member To Class: ClassName=3phasedriver Member=Component R4 0805
Added Member To Class: ClassName=3phasedriver Member=Component R5 0805
Added Member To Class: ClassName=3phasedriver Member=Component R6 0805
Added Member To Class: ClassName=3phasedriver Member=Component R7 0805
Added Member To Class: ClassName=3phasedriver Member=Component R8 0805-100k
Added Member To Class: ClassName=3phasedriver Member=Component R9 0805-150K
Added Member To Class: ClassName=3phasedriver Member=Component R10 0805-10K
Added Member To Class: ClassName=3phasedriver Member=Component R11 0805-10K
Added Member To Class: ClassName=3phasedriver Member=Component R12 0805-47k
Added Member To Class: ClassName=3phasedriver Member=Component U1 A3931
Added Room: Name=3phasedriver
